<?xml version="1.0" encoding="UTF-8"?>
<!-- Generated by org.testng.reporters.JUnitXMLReporter -->
<testsuite ignored="0" hostname="DESKTOP-G0HI28L" failures="1" tests="1" name="Test1" time="0.065" errors="0" timestamp="2022-07-14T08:13:20 CDT">
  <testcase classname="manapi.atest" name="abc" time="0.012">
    <failure type="java.lang.AssertionError" message="BAAD">
      <![CDATA[java.lang.AssertionError: BAAD
at org.junit.Assert.fail(Assert.java:91)
at manapi.atest.abc(atest.java:22)
at java.base/java.util.concurrent.ThreadPoolExecutor.runWorker(ThreadPoolExecutor.java:1136)
at java.base/java.util.concurrent.ThreadPoolExecutor$Worker.run(ThreadPoolExecutor.java:635)
at java.base/java.lang.Thread.run(Thread.java:833)
... Removed 12 stack frames]]>
    </failure>
  </testcase> <!-- abc -->
</testsuite> <!-- Test1 -->
