<?xml version="1.0" encoding="UTF-8"?>
<testng-results ignored="0" total="1" passed="1" failed="0" skipped="0">
  <reporter-output>
  </reporter-output>
  <suite started-at="2022-07-15T06:38:19 CDT" name="Default suite" finished-at="2022-07-15T06:38:24 CDT" duration-ms="5636">
    <groups>
    </groups>
    <test started-at="2022-07-15T06:38:19 CDT" name="Default test" finished-at="2022-07-15T06:38:24 CDT" duration-ms="5636">
      <class name="manapi.atest">
        <test-method signature="abc()[pri:1, instance:manapi.atest@2df9b86]" started-at="2022-07-15T06:38:19 CDT" name="abc" finished-at="2022-07-15T06:38:24 CDT" duration-ms="5572" status="PASS">
          <reporter-output>
          </reporter-output>
        </test-method> <!-- abc -->
      </class> <!-- manapi.atest -->
    </test> <!-- Default test -->
  </suite> <!-- Default suite -->
</testng-results>
